[09-May-2025 15:18:48 Europe/Berlin] 2025-05-09 15:18:48 - Starting calendar event save process
[09-May-2025 15:18:48 Europe/Berlin] 2025-05-09 15:18:48 - Database connection included
[09-May-2025 15:18:48 Europe/Berlin] 2025-05-09 15:18:48 - Session started - {"user_id":21}
[09-May-2025 15:18:48 Europe/Berlin] 2025-05-09 15:18:48 - Started database transaction
[09-May-2025 15:18:48 Europe/Berlin] 2025-05-09 15:18:48 - Processing event data - {"title":"Test Event 2025-05-09 15:18:41","date":"2025-05-09","user_id":21}
[09-May-2025 15:18:48 Europe/Berlin] 2025-05-09 15:18:48 - Event created successfully - {"event_id":4}
[09-May-2025 15:18:48 Europe/Berlin] 2025-05-09 15:18:48 - Processing vendors - {"count":1}
[09-May-2025 15:18:48 Europe/Berlin] 2025-05-09 15:18:48 - Processing vendor - {"index":1,"type":"Test Vendor Type","name":"Test Vendor Name"}
[09-May-2025 15:18:48 Europe/Berlin] 2025-05-09 15:18:48 - Vendor created successfully - {"vendor_id":4}
[09-May-2025 15:18:48 Europe/Berlin] 2025-05-09 15:18:48 - Processing materials - {"vendor_id":4,"count":1}
[09-May-2025 15:18:48 Europe/Berlin] 2025-05-09 15:18:48 - Processing material - {"material_key":"material_1_1"}
[09-May-2025 15:18:48 Europe/Berlin] 2025-05-09 15:18:48 - Material data - {"material_key":"material_1_1","remarks":"Test Material Remarks","amount":"1000.50"}
[09-May-2025 15:18:48 Europe/Berlin] 2025-05-09 15:18:48 - Material created successfully - {"material_id":4}
[09-May-2025 15:18:48 Europe/Berlin] 2025-05-09 15:18:48 - Transaction committed successfully
[09-May-2025 15:18:48 Europe/Berlin] 2025-05-09 15:18:48 - Save process completed successfully - {"event_id":4}
[09-May-2025 15:18:48 Europe/Berlin] 2025-05-09 15:18:48 - Database connection closed
[09-May-2025 15:59:54 Europe/Berlin] 2025-05-09 15:59:54 - Starting calendar event save process
[09-May-2025 19:29:54 Asia/Kolkata] 2025-05-09 19:29:54 - Database connection included
[09-May-2025 19:29:54 Asia/Kolkata] Error [8]: session_start(): Ignoring session_start() because a session is already active in C:\xampp\htdocs\hr\backend\save_calendar_event.php on line 32
[09-May-2025 19:29:54 Asia/Kolkata] 2025-05-09 19:29:54 - Session started - {"user_id":21}
[09-May-2025 19:29:54 Asia/Kolkata] 2025-05-09 19:29:54 - Started database transaction
[09-May-2025 19:29:54 Asia/Kolkata] 2025-05-09 19:29:54 - Processing event data - {"title":"Test Event","date":"2025-05-09","user_id":21}
[09-May-2025 19:29:54 Asia/Kolkata] 2025-05-09 19:29:54 - Event created successfully - {"event_id":"8"}
[09-May-2025 19:29:54 Asia/Kolkata] 2025-05-09 19:29:54 - Processing vendors - {"count":1}
[09-May-2025 19:29:54 Asia/Kolkata] 2025-05-09 19:29:54 - Processing vendor - {"index":1,"type":"Test Type","name":"Test Vendor"}
[09-May-2025 19:29:54 Asia/Kolkata] 2025-05-09 19:29:54 - Vendor created successfully - {"vendor_id":"8"}
[09-May-2025 19:29:54 Asia/Kolkata] 2025-05-09 19:29:54 - Transaction committed successfully
[09-May-2025 19:29:54 Asia/Kolkata] 2025-05-09 19:29:54 - Save process completed successfully - {"event_id":"8"}
[09-May-2025 16:01:43 Europe/Berlin] 2025-05-09 16:01:43 - Starting calendar event save process
[09-May-2025 19:31:43 Asia/Kolkata] 2025-05-09 19:31:43 - Database connection included
[09-May-2025 19:31:43 Asia/Kolkata] Error [8]: session_start(): Ignoring session_start() because a session is already active in C:\xampp\htdocs\hr\backend\save_calendar_event.php on line 32
[09-May-2025 19:31:43 Asia/Kolkata] 2025-05-09 19:31:43 - Session started - {"user_id":21}
[09-May-2025 19:31:43 Asia/Kolkata] 2025-05-09 19:31:43 - Started database transaction
[09-May-2025 19:31:43 Asia/Kolkata] 2025-05-09 19:31:43 - Processing event data - {"title":"Test Event","date":"2025-05-09","user_id":21}
[09-May-2025 19:31:43 Asia/Kolkata] 2025-05-09 19:31:43 - Event created successfully - {"event_id":"9"}
[09-May-2025 19:31:43 Asia/Kolkata] 2025-05-09 19:31:43 - Processing vendors - {"count":1}
[09-May-2025 19:31:43 Asia/Kolkata] 2025-05-09 19:31:43 - Processing vendor - {"index":1,"type":"Test Type","name":"Test Vendor"}
[09-May-2025 19:31:43 Asia/Kolkata] 2025-05-09 19:31:43 - Vendor created successfully - {"vendor_id":"9"}
[09-May-2025 19:31:43 Asia/Kolkata] 2025-05-09 19:31:43 - Transaction committed successfully
[09-May-2025 19:31:43 Asia/Kolkata] 2025-05-09 19:31:43 - Save process completed successfully - {"event_id":"9"}
[09-May-2025 16:01:45 Europe/Berlin] 2025-05-09 16:01:45 - Starting calendar event save process
[09-May-2025 19:31:45 Asia/Kolkata] 2025-05-09 19:31:45 - Database connection included
[09-May-2025 19:31:45 Asia/Kolkata] Error [8]: session_start(): Ignoring session_start() because a session is already active in C:\xampp\htdocs\hr\backend\save_calendar_event.php on line 32
[09-May-2025 19:31:45 Asia/Kolkata] 2025-05-09 19:31:45 - Session started - {"user_id":21}
[09-May-2025 19:31:45 Asia/Kolkata] 2025-05-09 19:31:45 - Started database transaction
[09-May-2025 19:31:45 Asia/Kolkata] 2025-05-09 19:31:45 - Processing event data - {"title":"Test Event","date":"2025-05-09","user_id":21}
[09-May-2025 19:31:45 Asia/Kolkata] 2025-05-09 19:31:45 - Event created successfully - {"event_id":"10"}
[09-May-2025 19:31:45 Asia/Kolkata] 2025-05-09 19:31:45 - Processing vendors - {"count":1}
[09-May-2025 19:31:45 Asia/Kolkata] 2025-05-09 19:31:45 - Processing vendor - {"index":1,"type":"Test Type","name":"Test Vendor"}
[09-May-2025 19:31:45 Asia/Kolkata] 2025-05-09 19:31:45 - Vendor created successfully - {"vendor_id":"10"}
[09-May-2025 19:31:45 Asia/Kolkata] 2025-05-09 19:31:45 - Transaction committed successfully
[09-May-2025 19:31:45 Asia/Kolkata] 2025-05-09 19:31:45 - Save process completed successfully - {"event_id":"10"}
[09-May-2025 16:02:33 Europe/Berlin] 2025-05-09 16:02:33 - Starting calendar event save process
[09-May-2025 19:32:33 Asia/Kolkata] 2025-05-09 19:32:33 - Database connection included
[09-May-2025 19:32:33 Asia/Kolkata] Error [8]: session_start(): Ignoring session_start() because a session is already active in C:\xampp\htdocs\hr\backend\save_calendar_event.php on line 32
[09-May-2025 19:32:33 Asia/Kolkata] 2025-05-09 19:32:33 - Session started - {"user_id":21}
[09-May-2025 19:32:33 Asia/Kolkata] 2025-05-09 19:32:33 - Started database transaction
[09-May-2025 19:32:33 Asia/Kolkata] 2025-05-09 19:32:33 - Processing event data - {"title":"gfds","date":"2025-05-06","user_id":21}
[09-May-2025 19:32:33 Asia/Kolkata] 2025-05-09 19:32:33 - Event created successfully - {"event_id":"11"}
[09-May-2025 19:32:33 Asia/Kolkata] 2025-05-09 19:32:33 - Processing vendors - {"count":1}
[09-May-2025 19:32:33 Asia/Kolkata] 2025-05-09 19:32:33 - Processing vendor - {"index":1,"type":"material","name":"jhgfdsa"}
[09-May-2025 19:32:33 Asia/Kolkata] 2025-05-09 19:32:33 - Vendor created successfully - {"vendor_id":"11"}
[09-May-2025 19:32:33 Asia/Kolkata] 2025-05-09 19:32:33 - Processing materials - {"vendor_id":"11","count":1}
[09-May-2025 19:32:33 Asia/Kolkata] 2025-05-09 19:32:33 - Processing material - {"material_key":"material_1_1"}
[09-May-2025 19:32:33 Asia/Kolkata] 2025-05-09 19:32:33 - Material data - {"material_key":"material_1_1","remarks":"gfds","amount":"54"}
[09-May-2025 19:32:33 Asia/Kolkata] 2025-05-09 19:32:33 - Material created successfully - {"material_id":"8"}
[09-May-2025 19:32:33 Asia/Kolkata] 2025-05-09 19:32:33 - Transaction committed successfully
[09-May-2025 19:32:33 Asia/Kolkata] 2025-05-09 19:32:33 - Save process completed successfully - {"event_id":"11"}
[09-May-2025 16:04:22 Europe/Berlin] 2025-05-09 16:04:22 - Starting calendar event save process
[09-May-2025 19:34:22 Asia/Kolkata] 2025-05-09 19:34:22 - Database connection included
[09-May-2025 19:34:22 Asia/Kolkata] Error [8]: session_start(): Ignoring session_start() because a session is already active in C:\xampp\htdocs\hr\backend\save_calendar_event.php on line 32
[09-May-2025 19:34:22 Asia/Kolkata] 2025-05-09 19:34:22 - Session started - {"user_id":21}
[09-May-2025 19:34:22 Asia/Kolkata] 2025-05-09 19:34:22 - Started database transaction
[09-May-2025 19:34:22 Asia/Kolkata] 2025-05-09 19:34:22 - Processing event data - {"title":"gfds","date":"2025-05-06","user_id":21}
[09-May-2025 19:34:22 Asia/Kolkata] 2025-05-09 19:34:22 - Event created successfully - {"event_id":"12"}
[09-May-2025 19:34:22 Asia/Kolkata] 2025-05-09 19:34:22 - Processing vendors - {"count":1}
[09-May-2025 19:34:22 Asia/Kolkata] 2025-05-09 19:34:22 - Processing vendor - {"index":1,"type":"material","name":"hgfd"}
[09-May-2025 19:34:22 Asia/Kolkata] 2025-05-09 19:34:22 - Vendor created successfully - {"vendor_id":"12"}
[09-May-2025 19:34:22 Asia/Kolkata] 2025-05-09 19:34:22 - Processing materials - {"vendor_id":"12","count":1}
[09-May-2025 19:34:22 Asia/Kolkata] 2025-05-09 19:34:22 - Processing material - {"material_key":"material_1_1"}
[09-May-2025 19:34:22 Asia/Kolkata] 2025-05-09 19:34:22 - Material data - {"material_key":"material_1_1","remarks":"gfd","amount":"54"}
[09-May-2025 19:34:22 Asia/Kolkata] 2025-05-09 19:34:22 - Material created successfully - {"material_id":"9"}
[09-May-2025 19:34:22 Asia/Kolkata] 2025-05-09 19:34:22 - Transaction committed successfully
[09-May-2025 19:34:22 Asia/Kolkata] 2025-05-09 19:34:22 - Save process completed successfully - {"event_id":"12"}
[09-May-2025 16:10:34 Europe/Berlin] 2025-05-09 16:10:34 - Starting calendar event save process
[09-May-2025 19:40:34 Asia/Kolkata] 2025-05-09 19:40:34 - Database connection included
[09-May-2025 19:40:34 Asia/Kolkata] Error [8]: session_start(): Ignoring session_start() because a session is already active in C:\xampp\htdocs\hr\backend\save_calendar_event.php on line 32
[09-May-2025 19:40:34 Asia/Kolkata] 2025-05-09 19:40:34 - Session started - {"user_id":21}
[09-May-2025 19:40:34 Asia/Kolkata] 2025-05-09 19:40:34 - Started database transaction
[09-May-2025 19:40:34 Asia/Kolkata] 2025-05-09 19:40:34 - Processing event data - {"title":"uytrew","date":"2025-05-07","user_id":21}
[09-May-2025 19:40:34 Asia/Kolkata] 2025-05-09 19:40:34 - Event created successfully - {"event_id":"13"}
[09-May-2025 19:40:34 Asia/Kolkata] 2025-05-09 19:40:34 - Processing vendors - {"count":1}
[09-May-2025 19:40:34 Asia/Kolkata] 2025-05-09 19:40:34 - Processing vendor - {"index":1,"type":"jhgfds","name":"jhgfd"}
[09-May-2025 19:40:34 Asia/Kolkata] 2025-05-09 19:40:34 - Vendor created successfully - {"vendor_id":"13"}
[09-May-2025 19:40:34 Asia/Kolkata] 2025-05-09 19:40:34 - Processing materials - {"vendor_id":"13","count":1}
[09-May-2025 19:40:34 Asia/Kolkata] 2025-05-09 19:40:34 - Processing material - {"material_key":"material_1_1"}
[09-May-2025 19:40:34 Asia/Kolkata] 2025-05-09 19:40:34 - Material data - {"material_key":"material_1_1","remarks":"hgfd","amount":"543"}
[09-May-2025 19:40:34 Asia/Kolkata] 2025-05-09 19:40:34 - Material created successfully - {"material_id":"10"}
[09-May-2025 19:40:34 Asia/Kolkata] 2025-05-09 19:40:34 - Processing material image - {"material_key":"material_1_1","file_name":"3501-4000SQFT.jpg","file_size":222283}
[09-May-2025 19:40:34 Asia/Kolkata] 2025-05-09 19:40:34 - Material image uploaded - {"path":"uploads\/calendar_events\/material_images\/681e0cda91fda_1746799834.jpg"}
[09-May-2025 19:40:34 Asia/Kolkata] 2025-05-09 19:40:34 - Material image saved to database
[09-May-2025 19:40:34 Asia/Kolkata] 2025-05-09 19:40:34 - Processing bill image - {"material_key":"material_1_1","file_name":"WhatsApp Image 2025-04-23 at 3.35.12 PM.jpeg","file_size":3023357}
[09-May-2025 19:40:34 Asia/Kolkata] 2025-05-09 19:40:34 - Bill image uploaded - {"path":"uploads\/calendar_events\/bill_images\/681e0cda925bb_1746799834.jpeg"}
[09-May-2025 19:40:34 Asia/Kolkata] 2025-05-09 19:40:34 - Bill image saved to database
[09-May-2025 19:40:34 Asia/Kolkata] 2025-05-09 19:40:34 - Transaction committed successfully
[09-May-2025 19:40:34 Asia/Kolkata] 2025-05-09 19:40:34 - Save process completed successfully - {"event_id":"13"}
[09-May-2025 16:40:07 Europe/Berlin] 2025-05-09 16:40:07 - Starting calendar event save process
[09-May-2025 20:10:07 Asia/Kolkata] 2025-05-09 20:10:07 - Database connection included
[09-May-2025 20:10:07 Asia/Kolkata] Error [8]: session_start(): Ignoring session_start() because a session is already active in C:\xampp\htdocs\hr\backend\save_calendar_event.php on line 32
[09-May-2025 20:10:07 Asia/Kolkata] 2025-05-09 20:10:07 - Session started - {"user_id":21}
[09-May-2025 20:10:07 Asia/Kolkata] 2025-05-09 20:10:07 - Started database transaction
[09-May-2025 20:10:07 Asia/Kolkata] 2025-05-09 20:10:07 - Processing event data - {"title":"uytre","date":"2025-05-13","user_id":21}
[09-May-2025 20:10:07 Asia/Kolkata] 2025-05-09 20:10:07 - Event created successfully - {"event_id":"14"}
[09-May-2025 20:10:07 Asia/Kolkata] 2025-05-09 20:10:07 - Processing vendors - {"count":1}
[09-May-2025 20:10:07 Asia/Kolkata] 2025-05-09 20:10:07 - Processing vendor - {"index":1,"type":"labour","name":"gfds"}
[09-May-2025 20:10:07 Asia/Kolkata] 2025-05-09 20:10:07 - Vendor created successfully - {"vendor_id":"14"}
[09-May-2025 20:10:07 Asia/Kolkata] 2025-05-09 20:10:07 - Processing materials - {"vendor_id":"14","count":1}
[09-May-2025 20:10:07 Asia/Kolkata] 2025-05-09 20:10:07 - Processing material - {"material_key":"material_1_1"}
[09-May-2025 20:10:07 Asia/Kolkata] 2025-05-09 20:10:07 - Material data - {"material_key":"material_1_1","remarks":"gfds","amount":"655"}
[09-May-2025 20:10:07 Asia/Kolkata] 2025-05-09 20:10:07 - Material created successfully - {"material_id":"11"}
[09-May-2025 20:10:07 Asia/Kolkata] 2025-05-09 20:10:07 - Processing material image - {"material_key":"material_1_1","file_name":"search.png","file_size":338556}
[09-May-2025 20:10:07 Asia/Kolkata] 2025-05-09 20:10:07 - Material image uploaded - {"path":"uploads\/calendar_events\/material_images\/681e13c73d0c4_1746801607.png"}
[09-May-2025 20:10:07 Asia/Kolkata] 2025-05-09 20:10:07 - Material image saved to database
[09-May-2025 20:10:07 Asia/Kolkata] 2025-05-09 20:10:07 - Processing bill image - {"material_key":"material_1_1","file_name":"search.png","file_size":338556}
[09-May-2025 20:10:07 Asia/Kolkata] 2025-05-09 20:10:07 - Bill image uploaded - {"path":"uploads\/calendar_events\/bill_images\/681e13c73e061_1746801607.png"}
[09-May-2025 20:10:07 Asia/Kolkata] 2025-05-09 20:10:07 - Bill image saved to database
[09-May-2025 20:10:07 Asia/Kolkata] 2025-05-09 20:10:07 - Transaction committed successfully
[09-May-2025 20:10:07 Asia/Kolkata] 2025-05-09 20:10:07 - Save process completed successfully - {"event_id":"14"}
[09-May-2025 16:41:34 Europe/Berlin] 2025-05-09 16:41:34 - Starting calendar event save process
[09-May-2025 20:11:34 Asia/Kolkata] 2025-05-09 20:11:34 - Database connection included
[09-May-2025 20:11:34 Asia/Kolkata] Error [8]: session_start(): Ignoring session_start() because a session is already active in C:\xampp\htdocs\hr\backend\save_calendar_event.php on line 32
[09-May-2025 20:11:34 Asia/Kolkata] 2025-05-09 20:11:34 - Session started - {"user_id":21}
[09-May-2025 20:11:34 Asia/Kolkata] 2025-05-09 20:11:34 - Started database transaction
[09-May-2025 20:11:34 Asia/Kolkata] 2025-05-09 20:11:34 - Processing event data - {"title":"jhgfds","date":"2025-05-21","user_id":21}
[09-May-2025 20:11:34 Asia/Kolkata] 2025-05-09 20:11:34 - Event created successfully - {"event_id":"15"}
[09-May-2025 20:11:34 Asia/Kolkata] 2025-05-09 20:11:34 - Processing vendors - {"count":1}
[09-May-2025 20:11:34 Asia/Kolkata] 2025-05-09 20:11:34 - Processing vendor - {"index":1,"type":"labour","name":"hgfds"}
[09-May-2025 20:11:34 Asia/Kolkata] 2025-05-09 20:11:34 - Vendor created successfully - {"vendor_id":"15"}
[09-May-2025 20:11:34 Asia/Kolkata] 2025-05-09 20:11:34 - Processing materials - {"vendor_id":"15","count":1}
[09-May-2025 20:11:34 Asia/Kolkata] 2025-05-09 20:11:34 - Processing material - {"material_key":"material_1_1"}
[09-May-2025 20:11:34 Asia/Kolkata] 2025-05-09 20:11:34 - Material data - {"material_key":"material_1_1","remarks":"hgfd","amount":"87654"}
[09-May-2025 20:11:34 Asia/Kolkata] 2025-05-09 20:11:34 - Material created successfully - {"material_id":"12"}
[09-May-2025 20:11:34 Asia/Kolkata] 2025-05-09 20:11:34 - Processing material image - {"material_key":"material_1_1","file_name":"IMG_3202.JPEG","file_size":5465328}
[09-May-2025 20:11:34 Asia/Kolkata] 2025-05-09 20:11:34 - Material image uploaded - {"path":"uploads\/calendar_events\/material_images\/681e141e30b97_1746801694.JPEG"}
[09-May-2025 20:11:34 Asia/Kolkata] 2025-05-09 20:11:34 - Material image saved to database
[09-May-2025 20:11:34 Asia/Kolkata] 2025-05-09 20:11:34 - Processing bill image - {"material_key":"material_1_1","file_name":"IMG_3202.JPEG","file_size":5465328}
[09-May-2025 20:11:34 Asia/Kolkata] 2025-05-09 20:11:34 - Bill image uploaded - {"path":"uploads\/calendar_events\/bill_images\/681e141e31264_1746801694.JPEG"}
[09-May-2025 20:11:34 Asia/Kolkata] 2025-05-09 20:11:34 - Bill image saved to database
[09-May-2025 20:11:34 Asia/Kolkata] 2025-05-09 20:11:34 - Transaction committed successfully
[09-May-2025 20:11:34 Asia/Kolkata] 2025-05-09 20:11:34 - Save process completed successfully - {"event_id":"15"}
[09-May-2025 16:52:25 Europe/Berlin] 2025-05-09 16:52:25 - Starting calendar event save process
[09-May-2025 20:22:25 Asia/Kolkata] 2025-05-09 20:22:25 - Database connection included
[09-May-2025 20:22:25 Asia/Kolkata] Error [8]: session_start(): Ignoring session_start() because a session is already active in C:\xampp\htdocs\hr\backend\save_calendar_event.php on line 32
[09-May-2025 20:22:25 Asia/Kolkata] 2025-05-09 20:22:25 - Session started - {"user_id":21}
[09-May-2025 20:22:25 Asia/Kolkata] 2025-05-09 20:22:25 - Started database transaction
[09-May-2025 20:22:25 Asia/Kolkata] 2025-05-09 20:22:25 - Processing event data - {"title":"gfd","date":"2025-05-06","user_id":21}
[09-May-2025 20:22:25 Asia/Kolkata] 2025-05-09 20:22:25 - Event created successfully - {"event_id":"16"}
[09-May-2025 20:22:25 Asia/Kolkata] 2025-05-09 20:22:25 - Processing vendors - {"count":1}
[09-May-2025 20:22:25 Asia/Kolkata] 2025-05-09 20:22:25 - Processing vendor - {"index":1,"type":"material","name":"gfd"}
[09-May-2025 20:22:25 Asia/Kolkata] 2025-05-09 20:22:25 - Vendor created successfully - {"vendor_id":"16"}
[09-May-2025 20:22:25 Asia/Kolkata] 2025-05-09 20:22:25 - Processing materials - {"vendor_id":"16","count":1}
[09-May-2025 20:22:25 Asia/Kolkata] 2025-05-09 20:22:25 - Processing material - {"material_key":"material_1_1"}
[09-May-2025 20:22:25 Asia/Kolkata] 2025-05-09 20:22:25 - Material data - {"material_key":"material_1_1","remarks":"ytre","amount":"32"}
[09-May-2025 20:22:25 Asia/Kolkata] 2025-05-09 20:22:25 - Material created successfully - {"material_id":"13"}
[09-May-2025 20:22:25 Asia/Kolkata] 2025-05-09 20:22:25 - Processing material image - {"material_key":"material_1_1","file_name":"wallpaperflare.com_wallpaper.jpg","file_size":10953635}
[09-May-2025 20:22:25 Asia/Kolkata] 2025-05-09 20:22:25 - Material image uploaded - {"path":"..\/uploads\/calendar_events\/material_images\/681e16a9a505d_1746802345.jpg"}
[09-May-2025 20:22:25 Asia/Kolkata] 2025-05-09 20:22:25 - Material image saved to database
[09-May-2025 20:22:25 Asia/Kolkata] 2025-05-09 20:22:25 - Processing bill image - {"material_key":"material_1_1","file_name":"wallpaperflare.com_wallpaper.jpg","file_size":10953635}
[09-May-2025 20:22:25 Asia/Kolkata] 2025-05-09 20:22:25 - Bill image uploaded - {"path":"..\/uploads\/calendar_events\/bill_images\/681e16a9a5e64_1746802345.jpg"}
[09-May-2025 20:22:25 Asia/Kolkata] 2025-05-09 20:22:25 - Bill image saved to database
[09-May-2025 20:22:25 Asia/Kolkata] 2025-05-09 20:22:25 - Transaction committed successfully
[09-May-2025 20:22:25 Asia/Kolkata] 2025-05-09 20:22:25 - Save process completed successfully - {"event_id":"16"}
[10-May-2025 08:09:18 Europe/Berlin] 2025-05-10 08:09:18 - Starting calendar event save process
[10-May-2025 11:39:18 Asia/Kolkata] 2025-05-10 11:39:18 - Database connection included
[10-May-2025 11:39:18 Asia/Kolkata] Error [8]: session_start(): Ignoring session_start() because a session is already active in C:\xampp\htdocs\hr\backend\save_calendar_event.php on line 32
[10-May-2025 11:39:18 Asia/Kolkata] 2025-05-10 11:39:18 - Session started - {"user_id":21}
[10-May-2025 11:39:18 Asia/Kolkata] 2025-05-10 11:39:18 - Started database transaction
[10-May-2025 11:39:18 Asia/Kolkata] 2025-05-10 11:39:18 - Processing event data - {"title":"hgfd","date":"2025-05-15","user_id":21}
[10-May-2025 11:39:18 Asia/Kolkata] 2025-05-10 11:39:18 - Event created successfully - {"event_id":"17"}
[10-May-2025 11:39:18 Asia/Kolkata] 2025-05-10 11:39:18 - Processing beverages - {"count":1}
[10-May-2025 11:39:18 Asia/Kolkata] 2025-05-10 11:39:18 - Processing beverage - {"number":1,"type":"fdsa","name":"gfd","amount":"30"}
[10-May-2025 11:39:18 Asia/Kolkata] 2025-05-10 11:39:18 - Beverage saved successfully - {"beverage_id":"2","number":1}
[10-May-2025 11:39:18 Asia/Kolkata] 2025-05-10 11:39:18 - Transaction committed successfully
[10-May-2025 11:39:18 Asia/Kolkata] 2025-05-10 11:39:18 - Save process completed successfully - {"event_id":"17"}
[10-May-2025 08:30:50 Europe/Berlin] 2025-05-10 08:30:50 - Starting calendar event save process
[10-May-2025 12:00:50 Asia/Kolkata] 2025-05-10 12:00:50 - Database connection included
[10-May-2025 12:00:50 Asia/Kolkata] Error [8]: session_start(): Ignoring session_start() because a session is already active in C:\xampp\htdocs\hr\backend\save_calendar_event.php on line 32
[10-May-2025 12:00:50 Asia/Kolkata] 2025-05-10 12:00:50 - Session started - {"user_id":21}
[10-May-2025 12:00:50 Asia/Kolkata] 2025-05-10 12:00:50 - Started database transaction
[10-May-2025 12:00:50 Asia/Kolkata] 2025-05-10 12:00:50 - Processing event data - {"title":"bvcx","date":"2025-05-29","user_id":21}
[10-May-2025 12:00:50 Asia/Kolkata] 2025-05-10 12:00:50 - Event created successfully - {"event_id":"18"}
[10-May-2025 12:00:50 Asia/Kolkata] 2025-05-10 12:00:50 - Processing work progress entries - {"count":1}
[10-May-2025 12:00:50 Asia/Kolkata] 2025-05-10 12:00:50 - Processing work progress entry - {"number":1,"category":"electrical","type":"gfds","done":"yes"}
[10-May-2025 12:00:50 Asia/Kolkata] 2025-05-10 12:00:50 - Work progress entry saved successfully - {"work_id":"2","number":1}
[10-May-2025 12:00:50 Asia/Kolkata] 2025-05-10 12:00:50 - Processing work media files - {"work_id":"2","count":2}
[10-May-2025 12:00:50 Asia/Kolkata] 2025-05-10 12:00:50 - Processing work media file - {"work_id":"2","file_name":"IMG_3250.JPEG","file_type":"image\/jpeg","file_size":951576}
[10-May-2025 12:00:50 Asia/Kolkata] 2025-05-10 12:00:50 - Work media file uploaded - {"path":"..\/uploads\/calendar_events\/work_progress_media\/681ef29a47844_1746858650.JPEG","filename":"681ef29a47844_1746858650.JPEG"}
[10-May-2025 12:00:50 Asia/Kolkata] 2025-05-10 12:00:50 - Work media record saved to database - {"media_id":"2"}
[10-May-2025 12:00:50 Asia/Kolkata] 2025-05-10 12:00:50 - Processing work media file - {"work_id":"2","file_name":"IMG_3284.MOV","file_type":"video\/quicktime","file_size":13850426}
[10-May-2025 12:00:50 Asia/Kolkata] 2025-05-10 12:00:50 - Failed to upload work media file - {"error":"Invalid file type. Allowed types: image\/jpeg, image\/jpg, image\/png, image\/gif, application\/pdf"}
[10-May-2025 12:00:50 Asia/Kolkata] 2025-05-10 12:00:50 - Transaction committed successfully
[10-May-2025 12:00:50 Asia/Kolkata] 2025-05-10 12:00:50 - Save process completed successfully - {"event_id":"18"}
[10-May-2025 08:36:44 Europe/Berlin] 2025-05-10 08:36:44 - Starting calendar event save process
[10-May-2025 12:06:44 Asia/Kolkata] 2025-05-10 12:06:44 - Database connection included
[10-May-2025 12:06:44 Asia/Kolkata] Error [8]: session_start(): Ignoring session_start() because a session is already active in C:\xampp\htdocs\hr\backend\save_calendar_event.php on line 32
[10-May-2025 12:06:44 Asia/Kolkata] 2025-05-10 12:06:44 - Session started - {"user_id":21}
[10-May-2025 12:06:44 Asia/Kolkata] 2025-05-10 12:06:44 - Started database transaction
[10-May-2025 12:06:44 Asia/Kolkata] 2025-05-10 12:06:44 - Processing event data - {"title":"jhgf","date":"2025-05-14","user_id":21}
[10-May-2025 12:06:44 Asia/Kolkata] 2025-05-10 12:06:44 - Event created successfully - {"event_id":"19"}
[10-May-2025 12:06:44 Asia/Kolkata] 2025-05-10 12:06:44 - Processing work progress entries - {"count":1}
[10-May-2025 12:06:44 Asia/Kolkata] 2025-05-10 12:06:44 - Processing work progress entry - {"number":1,"category":"plumbing","type":"drainage_system","done":"yes"}
[10-May-2025 12:06:44 Asia/Kolkata] 2025-05-10 12:06:44 - Work progress entry saved successfully - {"work_id":"3","number":1}
[10-May-2025 12:06:44 Asia/Kolkata] 2025-05-10 12:06:44 - Processing work media files - {"work_id":"3","count":1}
[10-May-2025 12:06:44 Asia/Kolkata] PHP Fatal error:  Uncaught Error: Call to undefined function processWorkMediaFile() in C:\xampp\htdocs\hr\backend\save_calendar_event.php:575
Stack trace:
#0 {main}
  thrown in C:\xampp\htdocs\hr\backend\save_calendar_event.php on line 575
[10-May-2025 08:43:25 Europe/Berlin] 2025-05-10 08:43:25 - Starting calendar event save process
[10-May-2025 12:13:25 Asia/Kolkata] 2025-05-10 12:13:25 - Database connection included
[10-May-2025 12:13:25 Asia/Kolkata] Error [8]: session_start(): Ignoring session_start() because a session is already active in C:\xampp\htdocs\hr\backend\save_calendar_event.php on line 32
[10-May-2025 12:13:25 Asia/Kolkata] 2025-05-10 12:13:25 - Session started - {"user_id":21}
[10-May-2025 12:13:25 Asia/Kolkata] 2025-05-10 12:13:25 - Started database transaction
[10-May-2025 12:13:25 Asia/Kolkata] 2025-05-10 12:13:25 - Processing event data - {"title":"uytr","date":"2025-05-28","user_id":21}
[10-May-2025 12:13:25 Asia/Kolkata] 2025-05-10 12:13:25 - Event created successfully - {"event_id":"20"}
[10-May-2025 12:13:25 Asia/Kolkata] 2025-05-10 12:13:25 - Processing work progress entries - {"count":1}
[10-May-2025 12:13:25 Asia/Kolkata] 2025-05-10 12:13:25 - Processing work progress entry - {"number":1,"category":"electrical","type":"conduit_installation","done":"yes"}
[10-May-2025 12:13:25 Asia/Kolkata] 2025-05-10 12:13:25 - Work progress entry saved successfully - {"work_id":"4","number":1}
[10-May-2025 12:13:25 Asia/Kolkata] 2025-05-10 12:13:25 - Processing work media files - {"work_id":"4","count":2}
[10-May-2025 12:13:25 Asia/Kolkata] 2025-05-10 12:13:25 - Created work-specific media directory - {"directory":"..\/uploads\/calendar_events\/work_progress_media\/work_4\/"}
[10-May-2025 12:13:25 Asia/Kolkata] 2025-05-10 12:13:25 - Processing work media file - {"work_id":"4","file_name":"IMG_3284.MOV","file_type":"video\/quicktime","file_size":13850426}
[10-May-2025 12:13:25 Asia/Kolkata] 2025-05-10 12:13:25 - Failed to upload work media file - {"error":"Invalid file type. Allowed types: image\/jpeg, image\/jpg, image\/png, image\/gif, application\/pdf"}
[10-May-2025 12:13:25 Asia/Kolkata] 2025-05-10 12:13:25 - Processing work media file - {"work_id":"4","file_name":"IMG_3250.JPEG","file_type":"image\/jpeg","file_size":951576}
[10-May-2025 12:13:25 Asia/Kolkata] 2025-05-10 12:13:25 - Work media file uploaded - {"path":"..\/uploads\/calendar_events\/work_progress_media\/work_4\/681ef58da8798_1746859405.JPEG","filename":"IMG_3250_1746859405_4690.JPEG","original_name":"IMG_3250.JPEG"}
[10-May-2025 12:13:25 Asia/Kolkata] 2025-05-10 12:13:25 - Work media record saved to database - {"media_id":"3"}
[10-May-2025 12:13:25 Asia/Kolkata] 2025-05-10 12:13:25 - Transaction committed successfully
[10-May-2025 12:13:25 Asia/Kolkata] 2025-05-10 12:13:25 - Save process completed successfully - {"event_id":"20"}
[10-May-2025 08:44:38 Europe/Berlin] 2025-05-10 08:44:38 - Starting calendar event save process
[10-May-2025 12:14:38 Asia/Kolkata] 2025-05-10 12:14:38 - Database connection included
[10-May-2025 12:14:38 Asia/Kolkata] Error [8]: session_start(): Ignoring session_start() because a session is already active in C:\xampp\htdocs\hr\backend\save_calendar_event.php on line 32
[10-May-2025 12:14:38 Asia/Kolkata] 2025-05-10 12:14:38 - Session started - {"user_id":21}
[10-May-2025 12:14:38 Asia/Kolkata] 2025-05-10 12:14:38 - Started database transaction
[10-May-2025 12:14:38 Asia/Kolkata] 2025-05-10 12:14:38 - Processing event data - {"title":"hjk","date":"2025-05-26","user_id":21}
[10-May-2025 12:14:38 Asia/Kolkata] 2025-05-10 12:14:38 - Event created successfully - {"event_id":"21"}
[10-May-2025 12:14:38 Asia/Kolkata] 2025-05-10 12:14:38 - Processing work progress entries - {"count":1}
[10-May-2025 12:14:38 Asia/Kolkata] 2025-05-10 12:14:38 - Processing work progress entry - {"number":1,"category":"structural","type":"beams","done":"yes"}
[10-May-2025 12:14:38 Asia/Kolkata] 2025-05-10 12:14:38 - Work progress entry saved successfully - {"work_id":"5","number":1}
[10-May-2025 12:14:38 Asia/Kolkata] 2025-05-10 12:14:38 - Processing work media files - {"work_id":"5","count":2}
[10-May-2025 12:14:38 Asia/Kolkata] 2025-05-10 12:14:38 - Created work-specific media directory - {"directory":"..\/uploads\/calendar_events\/work_progress_media\/work_5\/"}
[10-May-2025 12:14:38 Asia/Kolkata] 2025-05-10 12:14:38 - Processing work media file - {"work_id":"5","file_name":"IMG_3250.JPEG","file_type":"image\/jpeg","file_size":951576}
[10-May-2025 12:14:38 Asia/Kolkata] 2025-05-10 12:14:38 - Work media file uploaded - {"path":"..\/uploads\/calendar_events\/work_progress_media\/work_5\/681ef5d68639e_1746859478.JPEG","filename":"IMG_3250_1746859478_4603.JPEG","original_name":"IMG_3250.JPEG"}
[10-May-2025 12:14:38 Asia/Kolkata] 2025-05-10 12:14:38 - Work media record saved to database - {"media_id":"4"}
[10-May-2025 12:14:38 Asia/Kolkata] 2025-05-10 12:14:38 - Processing work media file - {"work_id":"5","file_name":"2001-2500SQFT.jpg","file_type":"image\/jpeg","file_size":224631}
[10-May-2025 12:14:38 Asia/Kolkata] 2025-05-10 12:14:38 - Work media file uploaded - {"path":"..\/uploads\/calendar_events\/work_progress_media\/work_5\/681ef5d686e12_1746859478.jpg","filename":"2001-2500SQFT_1746859478_2704.jpg","original_name":"2001-2500SQFT.jpg"}
[10-May-2025 12:14:38 Asia/Kolkata] 2025-05-10 12:14:38 - Work media record saved to database - {"media_id":"5"}
[10-May-2025 12:14:38 Asia/Kolkata] 2025-05-10 12:14:38 - Transaction committed successfully
[10-May-2025 12:14:38 Asia/Kolkata] 2025-05-10 12:14:38 - Save process completed successfully - {"event_id":"21"}
[10-May-2025 08:47:56 Europe/Berlin] 2025-05-10 08:47:56 - Starting calendar event save process
[10-May-2025 12:17:56 Asia/Kolkata] 2025-05-10 12:17:56 - Database connection included
[10-May-2025 12:17:56 Asia/Kolkata] Error [8]: session_start(): Ignoring session_start() because a session is already active in C:\xampp\htdocs\hr\backend\save_calendar_event.php on line 32
[10-May-2025 12:17:56 Asia/Kolkata] 2025-05-10 12:17:56 - Session started - {"user_id":21}
[10-May-2025 12:17:56 Asia/Kolkata] 2025-05-10 12:17:56 - Started database transaction
[10-May-2025 12:17:56 Asia/Kolkata] 2025-05-10 12:17:56 - Processing event data - {"title":"hgfd","date":"2025-05-29","user_id":21}
[10-May-2025 12:17:56 Asia/Kolkata] 2025-05-10 12:17:56 - Event created successfully - {"event_id":"22"}
[10-May-2025 12:17:56 Asia/Kolkata] 2025-05-10 12:17:56 - Processing work progress entries - {"count":1}
[10-May-2025 12:17:56 Asia/Kolkata] 2025-05-10 12:17:56 - Processing work progress entry - {"number":1,"category":"structural","type":"columns","done":"yes"}
[10-May-2025 12:17:56 Asia/Kolkata] 2025-05-10 12:17:56 - Work progress entry saved successfully - {"work_id":"6","number":1}
[10-May-2025 12:17:56 Asia/Kolkata] 2025-05-10 12:17:56 - Processing work media files - {"work_id":"6","count":2}
[10-May-2025 12:17:56 Asia/Kolkata] 2025-05-10 12:17:56 - Created work-specific media directory - {"directory":"..\/uploads\/calendar_events\/work_progress_media\/work_6\/"}
[10-May-2025 12:17:56 Asia/Kolkata] 2025-05-10 12:17:56 - Processing work media file - {"work_id":"6","file_name":"SampleVideo_1280x720_1mb.mp4","file_type":"video\/mp4","file_size":1055736}
[10-May-2025 12:17:56 Asia/Kolkata] 2025-05-10 12:17:56 - File upload type check - {"file_type":"video\/mp4","allowed":true}
[10-May-2025 12:17:56 Asia/Kolkata] 2025-05-10 12:17:56 - File uploaded successfully - {"original_name":"SampleVideo_1280x720_1mb_1746859676_8028.mp4","saved_as":"681ef69cb4673_1746859676.mp4","file_type":"video\/mp4","file_size":1055736,"path":"..\/uploads\/calendar_events\/work_progress_media\/work_6\/681ef69cb4673_1746859676.mp4"}
[10-May-2025 12:17:56 Asia/Kolkata] 2025-05-10 12:17:56 - Work media file uploaded - {"path":"..\/uploads\/calendar_events\/work_progress_media\/work_6\/681ef69cb4673_1746859676.mp4","filename":"SampleVideo_1280x720_1mb_1746859676_8028.mp4","original_name":"SampleVideo_1280x720_1mb.mp4"}
[10-May-2025 12:17:56 Asia/Kolkata] 2025-05-10 12:17:56 - Work media record saved to database - {"media_id":"6"}
[10-May-2025 12:17:56 Asia/Kolkata] 2025-05-10 12:17:56 - Processing work media file - {"work_id":"6","file_name":"wallpaperflare.com_wallpaper.jpg","file_type":"image\/jpeg","file_size":10953635}
[10-May-2025 12:17:56 Asia/Kolkata] 2025-05-10 12:17:56 - File upload type check - {"file_type":"image\/jpeg","allowed":true}
[10-May-2025 12:17:56 Asia/Kolkata] 2025-05-10 12:17:56 - File uploaded successfully - {"original_name":"wallpaperflare.com_wallpaper_1746859676_4782.jpg","saved_as":"681ef69cb4f83_1746859676.jpg","file_type":"image\/jpeg","file_size":10953635,"path":"..\/uploads\/calendar_events\/work_progress_media\/work_6\/681ef69cb4f83_1746859676.jpg"}
[10-May-2025 12:17:56 Asia/Kolkata] 2025-05-10 12:17:56 - Work media file uploaded - {"path":"..\/uploads\/calendar_events\/work_progress_media\/work_6\/681ef69cb4f83_1746859676.jpg","filename":"wallpaperflare.com_wallpaper_1746859676_4782.jpg","original_name":"wallpaperflare.com_wallpaper.jpg"}
[10-May-2025 12:17:56 Asia/Kolkata] 2025-05-10 12:17:56 - Work media record saved to database - {"media_id":"7"}
[10-May-2025 12:17:56 Asia/Kolkata] 2025-05-10 12:17:56 - Transaction committed successfully
[10-May-2025 12:17:56 Asia/Kolkata] 2025-05-10 12:17:56 - Save process completed successfully - {"event_id":"22"}
