[2026-04-10 13:19:08] Cron Job Started.
[2026-04-10 13:19:08] Found 30 pending leave applications.
[2026-04-10 13:19:08] Successfully spawned task ID 142 for leave ID 152 (Assigned to: Gunjan Anand Sehgal).
[2026-04-10 13:19:08] Successfully spawned task ID 143 for leave ID 154 (Assigned to: Gunjan Anand Sehgal).
[2026-04-10 13:19:08] Successfully spawned task ID 144 for leave ID 155 (Assigned to: Gunjan Anand Sehgal).
[2026-04-10 13:19:08] Successfully spawned task ID 145 for leave ID 156 (Assigned to: Gunjan Anand Sehgal).
[2026-04-10 13:19:08] Successfully spawned task ID 146 for leave ID 163 (Assigned to: Gunjan Anand Sehgal).
[2026-04-10 13:19:08] Successfully spawned task ID 147 for leave ID 164 (Assigned to: Gunjan Anand Sehgal).
[2026-04-10 13:19:08] Successfully spawned task ID 148 for leave ID 165 (Assigned to: Gunjan Anand Sehgal).
[2026-04-10 13:19:08] Successfully spawned task ID 149 for leave ID 166 (Assigned to: Gunjan Anand Sehgal).
[2026-04-10 13:19:08] Successfully spawned task ID 150 for leave ID 167 (Assigned to: Gunjan Anand Sehgal).
[2026-04-10 13:19:08] Successfully spawned task ID 151 for leave ID 168 (Assigned to: Gunjan Anand Sehgal).
[2026-04-10 13:19:08] Successfully spawned task ID 152 for leave ID 180 (Assigned to: Gunjan Anand Sehgal).
[2026-04-10 13:19:08] Successfully spawned task ID 153 for leave ID 182 (Assigned to: Gunjan Anand Sehgal).
[2026-04-10 13:19:08] Successfully spawned task ID 154 for leave ID 183 (Assigned to: Gunjan Anand Sehgal).
[2026-04-10 13:19:08] Successfully spawned task ID 155 for leave ID 185 (Assigned to: Gunjan Anand Sehgal).
[2026-04-10 13:19:08] Successfully spawned task ID 156 for leave ID 186 (Assigned to: Gunjan Anand Sehgal).
[2026-04-10 13:19:08] Successfully spawned task ID 157 for leave ID 187 (Assigned to: Gunjan Anand Sehgal).
[2026-04-10 13:19:08] Successfully spawned task ID 158 for leave ID 188 (Assigned to: Gunjan Anand Sehgal).
[2026-04-10 13:19:08] Successfully spawned task ID 159 for leave ID 189 (Assigned to: Gunjan Anand Sehgal).
[2026-04-10 13:19:08] Skipped leave ID 193: Duplicate task already exists.
[2026-04-10 13:19:08] Skipped leave ID 194: Duplicate task already exists.
[2026-04-10 13:19:08] Successfully spawned task ID 160 for leave ID 197 (Assigned to: Gunjan Anand Sehgal).
[2026-04-10 13:19:08] Successfully spawned task ID 161 for leave ID 198 (Assigned to: Gunjan Anand Sehgal).
[2026-04-10 13:19:08] Successfully spawned task ID 162 for leave ID 199 (Assigned to: Gunjan Anand Sehgal).
[2026-04-10 13:19:08] Successfully spawned task ID 163 for leave ID 200 (Assigned to: Gunjan Anand Sehgal).
[2026-04-10 13:19:08] Successfully spawned task ID 164 for leave ID 201 (Assigned to: Gunjan Anand Sehgal).
[2026-04-10 13:19:08] Successfully spawned task ID 165 for leave ID 210 (Assigned to: Gunjan Anand Sehgal).
[2026-04-10 13:19:08] Successfully spawned task ID 166 for leave ID 216 (Assigned to: Gunjan Anand Sehgal, Rachana Pal).
[2026-04-10 13:19:08] Successfully spawned task ID 167 for leave ID 218 (Assigned to: Gunjan Anand Sehgal).
[2026-04-10 13:19:08] Successfully spawned task ID 168 for leave ID 219 (Assigned to: Gunjan Anand Sehgal).
[2026-04-10 13:19:08] Successfully spawned task ID 169 for leave ID 239 (Assigned to: Gunjan Anand Sehgal, Rachana Pal).
[2026-04-10 13:19:08] Cron Job Finished. Total tasks spawned: 28.
