2025-03-23 14:17:59 - {
    "timestamp": "2025-03-23 14:17:59",
    "message": "Missing required parameters",
    "data": {
        "action": null,
        "document_id": null,
        "document_type": null,
        "file": "C:\\xampp\\htdocs\\hr\\document_action_handler.php",
        "line": 54
    },
    "get": {
        "test": "1"
    },
    "post": [],
    "session": {
        "user_id": 15,
        "role": "Design Team"
    }
}
2025-03-23 14:18:38 - {
    "timestamp": "2025-03-23 14:18:38",
    "message": "Missing required parameters",
    "data": {
        "action": null,
        "document_id": null,
        "document_type": null,
        "file": "C:\\xampp\\htdocs\\hr\\document_action_handler.php",
        "line": 54
    },
    "get": {
        "test": "1"
    },
    "post": [],
    "session": {
        "user_id": 15,
        "role": "Design Team"
    }
}
2025-03-23 14:21:04 - {
    "timestamp": "2025-03-23 14:21:04",
    "message": "Missing required parameters",
    "data": {
        "action": null,
        "document_id": null,
        "document_type": null,
        "file": "C:\\xampp\\htdocs\\hr\\document_action_handler.php",
        "line": 54
    },
    "get": {
        "test": "1"
    },
    "post": [],
    "session": {
        "user_id": 15,
        "role": "Design Team"
    }
}
2025-03-23 14:21:24 - {
    "timestamp": "2025-03-23 14:21:24",
    "message": "Missing required parameters",
    "data": {
        "action": null,
        "document_id": null,
        "document_type": null,
        "file": "C:\\xampp\\htdocs\\hr\\document_action_handler.php",
        "line": 54
    },
    "get": {
        "test": "1"
    },
    "post": [],
    "session": {
        "user_id": 15,
        "role": "Design Team"
    }
}
2025-03-23 14:21:45 - {
    "timestamp": "2025-03-23 14:21:45",
    "message": "Missing required parameters",
    "data": {
        "action": null,
        "document_id": null,
        "document_type": null,
        "file": "C:\\xampp\\htdocs\\hr\\document_action_handler.php",
        "line": 54
    },
    "get": {
        "test": "1"
    },
    "post": [],
    "session": {
        "user_id": 15,
        "role": "Design Team"
    }
}
2025-03-23 14:23:05 - {
    "timestamp": "2025-03-23 14:23:05",
    "message": "Missing required parameters",
    "data": {
        "action": null,
        "document_id": null,
        "document_type": null,
        "file": "C:\\xampp\\htdocs\\hr\\document_action_handler.php",
        "line": 54
    },
    "get": {
        "test": "1"
    },
    "post": [],
    "session": {
        "user_id": 15,
        "role": "Design Team"
    }
}
2025-03-23 14:25:01 - {
    "timestamp": "2025-03-23 14:25:01",
    "message": "Missing required parameters",
    "data": {
        "action": null,
        "document_id": null,
        "document_type": null,
        "file": "C:\\xampp\\htdocs\\hr\\document_action_handler.php",
        "line": 54
    },
    "get": {
        "test": "1"
    },
    "post": [],
    "session": {
        "user_id": 15,
        "role": "Design Team"
    }
}
2025-03-23 14:26:18 - {
    "timestamp": "2025-03-23 14:26:18",
    "message": "Missing required parameters",
    "data": {
        "action": null,
        "document_id": null,
        "document_type": null,
        "file": "C:\\xampp\\htdocs\\hr\\document_action_handler.php",
        "line": 54
    },
    "get": {
        "test": "1"
    },
    "post": [],
    "session": {
        "user_id": 15,
        "role": "Design Team"
    }
}
2025-03-23 14:26:34 - {
    "timestamp": "2025-03-23 14:26:34",
    "message": "Missing required parameters",
    "data": {
        "action": null,
        "document_id": null,
        "document_type": null,
        "file": "C:\\xampp\\htdocs\\hr\\document_action_handler.php",
        "line": 54
    },
    "get": {
        "test": "1"
    },
    "post": [],
    "session": {
        "user_id": 15,
        "role": "Design Team"
    }
}
2025-03-23 14:30:20 - {
    "timestamp": "2025-03-23 14:30:20",
    "message": "Missing required parameters",
    "data": {
        "action": null,
        "document_id": null,
        "document_type": null,
        "file": "C:\\xampp\\htdocs\\hr\\document_action_handler.php",
        "line": 54
    },
    "get": {
        "test": "1"
    },
    "post": [],
    "session": {
        "user_id": 15,
        "role": "Design Team"
    }
}
2025-03-23 15:55:40 - {
    "timestamp": "2025-03-23 15:55:40",
    "message": "Cannot delete or update a parent row: a foreign key constraint fails (`crm`.`policy_acknowledgments`, CONSTRAINT `policy_acknowledgments_ibfk_1` FOREIGN KEY (`policy_id`) REFERENCES `policy_documents` (`id`))",
    "data": {
        "action": "delete",
        "document_id": 5,
        "document_type": "policy",
        "file": "C:\\xampp\\htdocs\\hr\\document_action_handler.php",
        "line": 173
    },
    "get": [],
    "post": {
        "action": "delete",
        "id": "5",
        "type": "policy"
    },
    "session": {
        "user_id": 2,
        "role": "HR"
    }
}
2025-03-23 15:55:46 - {
    "timestamp": "2025-03-23 15:55:46",
    "message": "Cannot delete or update a parent row: a foreign key constraint fails (`crm`.`policy_acknowledgments`, CONSTRAINT `policy_acknowledgments_ibfk_1` FOREIGN KEY (`policy_id`) REFERENCES `policy_documents` (`id`))",
    "data": {
        "action": "delete",
        "document_id": 4,
        "document_type": "policy",
        "file": "C:\\xampp\\htdocs\\hr\\document_action_handler.php",
        "line": 173
    },
    "get": [],
    "post": {
        "action": "delete",
        "id": "4",
        "type": "policy"
    },
    "session": {
        "user_id": 2,
        "role": "HR"
    }
}
2025-03-23 15:56:11 - {
    "timestamp": "2025-03-23 15:56:11",
    "message": "File not found on disk",
    "data": {
        "action": "delete",
        "document_id": 4,
        "document_type": "policy",
        "file_path": "uploads\/documents\/policy\/1742719257_2_350318b0a8aef2d7.pdf"
    },
    "get": [],
    "post": {
        "action": "delete",
        "id": "4",
        "type": "policy"
    },
    "session": {
        "user_id": 2,
        "role": "HR"
    }
}
2025-03-23 15:56:11 - {
    "timestamp": "2025-03-23 15:56:11",
    "message": "File not found on server",
    "data": {
        "action": "delete",
        "document_id": 4,
        "document_type": "policy",
        "file": "C:\\xampp\\htdocs\\hr\\document_action_handler.php",
        "line": 120
    },
    "get": [],
    "post": {
        "action": "delete",
        "id": "4",
        "type": "policy"
    },
    "session": {
        "user_id": 2,
        "role": "HR"
    }
}
2025-03-23 15:56:14 - {
    "timestamp": "2025-03-23 15:56:14",
    "message": "File not found on disk",
    "data": {
        "action": "delete",
        "document_id": 5,
        "document_type": "policy",
        "file_path": "uploads\/documents\/policy\/1742723614_2_677f3578d70e1f8c.pdf"
    },
    "get": [],
    "post": {
        "action": "delete",
        "id": "5",
        "type": "policy"
    },
    "session": {
        "user_id": 2,
        "role": "HR"
    }
}
2025-03-23 15:56:14 - {
    "timestamp": "2025-03-23 15:56:14",
    "message": "File not found on server",
    "data": {
        "action": "delete",
        "document_id": 5,
        "document_type": "policy",
        "file": "C:\\xampp\\htdocs\\hr\\document_action_handler.php",
        "line": 120
    },
    "get": [],
    "post": {
        "action": "delete",
        "id": "5",
        "type": "policy"
    },
    "session": {
        "user_id": 2,
        "role": "HR"
    }
}
2025-03-23 16:38:28 - {
    "timestamp": "2025-03-23 16:38:28",
    "message": "File not found on disk",
    "data": {
        "action": "delete",
        "document_id": 5,
        "document_type": "policy",
        "file_path": "uploads\/documents\/policy\/1742723614_2_677f3578d70e1f8c.pdf"
    },
    "get": [],
    "post": {
        "action": "delete",
        "id": "5",
        "type": "policy"
    },
    "session": {
        "user_id": 2,
        "role": "HR"
    }
}
2025-03-23 16:38:28 - {
    "timestamp": "2025-03-23 16:38:28",
    "message": "File not found on server",
    "data": {
        "action": "delete",
        "document_id": 5,
        "document_type": "policy",
        "file": "C:\\xampp\\htdocs\\hr\\document_action_handler.php",
        "line": 120
    },
    "get": [],
    "post": {
        "action": "delete",
        "id": "5",
        "type": "policy"
    },
    "session": {
        "user_id": 2,
        "role": "HR"
    }
}
2025-03-25 14:39:09 - {
    "timestamp": "2025-03-25 14:39:09",
    "message": "Document not found",
    "data": {
        "action": "delete",
        "document_id": 8,
        "document_type": "policy",
        "table": "policy_documents"
    },
    "get": [],
    "post": {
        "action": "delete",
        "id": "8",
        "type": "policy"
    },
    "session": {
        "user_id": 2,
        "role": "HR"
    }
}
2025-03-25 14:39:09 - {
    "timestamp": "2025-03-25 14:39:09",
    "message": "Document not found",
    "data": {
        "action": "delete",
        "document_id": 8,
        "document_type": "policy",
        "file": "C:\\xampp\\htdocs\\hr\\document_action_handler.php",
        "line": 104
    },
    "get": [],
    "post": {
        "action": "delete",
        "id": "8",
        "type": "policy"
    },
    "session": {
        "user_id": 2,
        "role": "HR"
    }
}
2025-03-25 14:39:21 - {
    "timestamp": "2025-03-25 14:39:21",
    "message": "File not found on disk",
    "data": {
        "action": "delete",
        "document_id": 4,
        "document_type": "policy",
        "file_path": "uploads\/documents\/policy\/1742719257_2_350318b0a8aef2d7.pdf"
    },
    "get": [],
    "post": {
        "action": "delete",
        "id": "4",
        "type": "policy"
    },
    "session": {
        "user_id": 2,
        "role": "HR"
    }
}
2025-03-25 14:39:21 - {
    "timestamp": "2025-03-25 14:39:21",
    "message": "File not found on server",
    "data": {
        "action": "delete",
        "document_id": 4,
        "document_type": "policy",
        "file": "C:\\xampp\\htdocs\\hr\\document_action_handler.php",
        "line": 120
    },
    "get": [],
    "post": {
        "action": "delete",
        "id": "4",
        "type": "policy"
    },
    "session": {
        "user_id": 2,
        "role": "HR"
    }
}
