Expense status update log file
Format: [timestamp] user_id action status_field new_status reason affected_rows2025-07-31 11:40:39 - User Bhuvnesh Sharma (Purchase Manager) is approveing expense ID 498. Updating accountant_status. Reason: 
2025-07-31 11:40:39 - Updated 1 records
2025-07-31 11:55:25 - User Bhuvnesh Sharma (Purchase Manager) is approveing expenses for user 36 on date 2025-07-21. Updating accountant_status. Reason: 
2025-07-31 11:55:25 - Updated 6 records

2025-07-31 11:55:53 - User Bhuvnesh Sharma (Purchase Manager) is approveing multiple expenses (491, 492, 493, 494, 495, 496, 497, 498, 499, 500). Updating accountant_status. Reason: 
2025-07-31 11:55:53 - Updated 10 records

2025-07-31 11:56:19 - User Bhuvnesh Sharma (Purchase Manager) is approveing expenses for user 42 on date 2025-07-14. Updating accountant_status. Reason: 
2025-07-31 11:56:19 - Updated 18 records

2025-07-31 11:59:07 - User Bhuvnesh Sharma (Purchase Manager) is rejecting expenses for user 42 on date 2025-07-13. Updating accountant_status. Reason: r rrr rrr r rrr rr r rr r r
2025-07-31 11:59:07 - Updated 6 records

2025-07-31 12:13:58 - User Bhuvnesh Sharma (Purchase Manager) is approveing multiple expenses (469, 470). Updating accountant_status. Reason: 
2025-07-31 12:13:58 - Updated 2 records

2025-07-31 12:14:33 - User Bhuvnesh Sharma (Purchase Manager) is rejecting multiple expenses (491, 492, 493, 494, 495, 496, 497, 498, 499, 500). Updating accountant_status. Reason: g tgt gt gt gt g t gt gt g
2025-07-31 12:14:33 - Updated 10 records

2025-07-31 12:15:33 - User Bhuvnesh Sharma (Purchase Manager) is rejecting multiple expenses (479). Updating accountant_status. Reason: 4r 4r4r 4r 4r 4r4 r4r 4r 4r 4r4 4r
2025-07-31 12:15:33 - Updated 1 records

2025-07-31 12:15:46 - User Bhuvnesh Sharma (Purchase Manager) is approveing multiple expenses (480). Updating accountant_status. Reason: 4r4r4r 4r
2025-07-31 12:15:46 - Updated 1 records

2025-07-31 12:46:27 - User Bhuvnesh Sharma (Purchase Manager) is approveing multiple expenses (600, 601). Updating accountant_status. Reason: 
2025-07-31 12:46:27 - Updated 2 records

2025-07-31 12:46:57 - User Bhuvnesh Sharma (Purchase Manager) is rejecting expenses for user 39 on date 2025-07-19. Updating accountant_status. Reason: efe fef ef ef efef ef e fe fe fe
2025-07-31 12:46:57 - Updated 1 records

2025-07-31 12:47:20 - User Bhuvnesh Sharma (Purchase Manager) is approveing expense ID 558. Updating accountant_status. Reason: e f ef
2025-07-31 12:47:20 - Updated 1 records
2025-07-31 12:47:44 - User Bhuvnesh Sharma (Purchase Manager) is approveing multiple expenses (557). Updating accountant_status. Reason: 
2025-07-31 12:47:44 - Updated 1 records

2025-07-31 13:01:25 - User Gunjan Anand Sehgal (HR) is approveing multiple expenses (620). Updating hr_status. Reason: 
2025-07-31 13:01:25 - Updated 1 records

2025-07-31 15:22:31 - User Bhuvnesh Sharma (Purchase Manager) is approveing expense ID 530. Updating accountant_status. Reason: 
2025-07-31 15:22:31 - Updated 1 records
2025-07-31 15:22:55 - User Bhuvnesh Sharma (Purchase Manager) is rejecting expense ID 531. Updating accountant_status. Reason: t5t5t 5t5 t 5t t5 t5 t5 t5 t5 t5t
2025-07-31 15:22:55 - Updated 1 records
2025-07-31 15:23:17 - User Bhuvnesh Sharma (Purchase Manager) is approveing expense ID 543. Updating accountant_status. Reason: 
2025-07-31 15:23:17 - Updated 1 records
2025-07-31 15:35:45 - User Gunjan Anand Sehgal (HR) is approveing expense ID 527. Updating hr_status. Reason: 
2025-07-31 15:35:45 - Updated 1 records
2025-07-31 15:36:29 - User Bhuvnesh Sharma (Purchase Manager) is approveing expense ID 514. Updating accountant_status. Reason: 
2025-07-31 15:36:29 - Updated 1 records
2025-08-01 10:42:50 - User Gunjan Anand Sehgal (HR) is rejecting expenses for user 42 on date 2025-07-08. Updating hr_status. Reason: ee ee e e e e e e e e e e e e e
2025-08-01 10:42:50 - Updated 0 records

2025-08-01 10:43:26 - User Gunjan Anand Sehgal (HR) is rejecting expenses for user 42 on date 2025-07-08. Updating hr_status. Reason: f f f f f f f f f f f ff f f ff ff f
2025-08-01 10:43:26 - Updated 0 records

