[2025-09-20 14:56:41] [User: 33] Payment entry save attempt started | Context: {"user_id":33,"post_data_keys":["projectType","projectName","paymentDate","paymentAmount","paymentDoneVia","paymentMode","recipients","recipientCount"],"files_data_keys":["recipients"]}
[2025-09-20 15:04:04] [User: 33] Payment entry save attempt started | Context: {"user_id":33,"post_data_keys":["projectType","projectName","paymentDate","paymentAmount","paymentDoneVia","paymentMode","recipients","recipientCount"],"files_data_keys":["recipients"],"full_post_data":{"projectType":"construction","projectName":"132","paymentDate":"2025-09-20","paymentAmount":"22","paymentDoneVia":"33","paymentMode":"split_payment","recipients":{"1":{"category":"vendor","type":"tile_vendor","customType":"","name":"Test","id":"3","paymentFor":"wage","amount":"22","paymentMode":"split_payment","splitPayments":"upi","index":"1"}},"recipientCount":"1"}}
[2025-09-20 15:07:43] [User: 33] Payment entry save attempt started | Context: {"user_id":33,"post_data_keys":["projectType","projectName","paymentDate","paymentAmount","paymentDoneVia","paymentMode","recipients","recipientCount"],"files_data_keys":["recipients"]}
[2025-09-20 15:10:10] [User: 33] Payment entry save attempt started | Context: {"user_id":33,"post_data_keys":["projectType","projectName","paymentDate","paymentAmount","paymentDoneVia","paymentMode","recipients","recipientCount"],"files_data_keys":["recipients"]}
[2025-09-20 15:10:10] [User: 33] Processing recipients | Context: {"recipient_count":"1","recipient_keys":[1],"recipients_data":{"1":{"category":"vendor","type":"tile_vendor","customType":"","name":"Test","id":"3","paymentFor":"wage","amount":"100","paymentMode":"split_payment","splitPayments":"upi","index":"1"}}}
[2025-09-20 15:13:05] [User: 33] Payment entry save attempt started | Context: {"user_id":33,"post_data_keys":["projectType","projectName","paymentDate","paymentAmount","paymentDoneVia","paymentMode","recipients","recipientCount"],"files_data_keys":["recipients"]}
[2025-09-20 15:13:05] [User: 33] Processing recipients | Context: {"recipient_count":"1","recipient_keys":[1],"recipients_data":{"1":{"category":"vendor","type":"tile_vendor","customType":"","name":"Test","id":"3","paymentFor":"wage","amount":"12","paymentMode":"split_payment","splitPayments":{"1":{"amount":"6","payment_for":"wage","mode":"cash"},"2":{"amount":"6","payment_for":"wage","mode":"upi"}},"index":"1"}}}
[2025-09-20 15:13:05] [User: 33] Processing split payments for recipient | Context: {"recipient_id":"13","split_data":{"1":{"amount":"6","payment_for":"wage","mode":"cash"},"2":{"amount":"6","payment_for":"wage","mode":"upi"}}}
[2025-09-20 15:13:05] [User: 33] Split payment data extracted | Context: {"split_id":1,"amount":"6","mode":"cash","payment_for":"wage"}
[2025-09-20 15:13:05] [User: 33] Split payment inserted successfully | Context: {"split_payment_id":"1","recipient_id":"13","amount":"6","mode":"cash","payment_for":"wage"}
[2025-09-20 15:13:05] [User: 33] Split payment data extracted | Context: {"split_id":2,"amount":"6","mode":"upi","payment_for":"wage"}
[2025-09-20 15:13:05] [User: 33] Split payment inserted successfully | Context: {"split_payment_id":"2","recipient_id":"13","amount":"6","mode":"upi","payment_for":"wage"}
[2025-09-20 15:14:13] [User: 33] Payment entry save attempt started | Context: {"user_id":33,"post_data_keys":["projectType","projectName","paymentDate","paymentAmount","paymentDoneVia","paymentMode","recipients","recipientCount"],"files_data_keys":["recipients"]}
[2025-09-20 15:14:13] [User: 33] Processing recipients | Context: {"recipient_count":"1","recipient_keys":[1],"recipients_data":{"1":{"category":"vendor","type":"tile_vendor","customType":"","name":"Test","id":"3","paymentFor":"wage","amount":"100","paymentMode":"split_payment","splitPayments":{"1":{"amount":"50","payment_for":"wage","mode":"cash"},"2":{"amount":"50","payment_for":"wage","mode":"upi"}},"index":"1"}}}
[2025-09-20 15:14:13] [User: 33] Processing split payments for recipient | Context: {"recipient_id":"14","split_data":{"1":{"amount":"50","payment_for":"wage","mode":"cash"},"2":{"amount":"50","payment_for":"wage","mode":"upi"}}}
[2025-09-20 15:14:13] [User: 33] Split payment data extracted | Context: {"split_id":1,"amount":"50","mode":"cash","payment_for":"wage"}
[2025-09-20 15:14:13] [User: 33] Split payment inserted successfully | Context: {"split_payment_id":"3","recipient_id":"14","amount":"50","mode":"cash","payment_for":"wage"}
[2025-09-20 15:14:13] [User: 33] Split payment data extracted | Context: {"split_id":2,"amount":"50","mode":"upi","payment_for":"wage"}
[2025-09-20 15:14:13] [User: 33] Split payment inserted successfully | Context: {"split_payment_id":"4","recipient_id":"14","amount":"50","mode":"upi","payment_for":"wage"}
[2025-09-20 15:24:36] [User: 33] Payment entry save attempt started | Context: {"user_id":33,"post_data_keys":["projectType","projectName","paymentDate","paymentAmount","paymentDoneVia","paymentMode","recipients","recipientCount"],"files_data_keys":["recipients"]}
[2025-09-20 15:24:36] [User: 33] Processing recipients | Context: {"recipient_count":"1","recipient_keys":[1],"recipients_data":{"1":{"category":"vendor","type":"tile_vendor","customType":"","name":"Test","id":"3","paymentFor":"wage","amount":"110","paymentMode":"split_payment","splitPayments":{"1":{"payment_for":"wage","amount":"55","mode":"upi"},"2":{"payment_for":"wage","amount":"55","mode":"cash"}},"index":"1"}}}
[2025-09-20 15:24:36] [User: 33] Processing split payments for recipient | Context: {"recipient_id":"15","split_data":{"1":{"payment_for":"wage","amount":"55","mode":"upi"},"2":{"payment_for":"wage","amount":"55","mode":"cash"}}}
[2025-09-20 15:24:36] [User: 33] Split payment data extracted | Context: {"split_id":1,"amount":"55","mode":"upi","payment_for":"wage"}
[2025-09-20 15:24:36] [User: 33] Split payment inserted successfully | Context: {"split_payment_id":"5","recipient_id":"15","amount":"55","mode":"upi","payment_for":"wage"}
[2025-09-20 15:24:36] [User: 33] Split payment data extracted | Context: {"split_id":2,"amount":"55","mode":"cash","payment_for":"wage"}
[2025-09-20 15:24:36] [User: 33] Split payment inserted successfully | Context: {"split_payment_id":"6","recipient_id":"15","amount":"55","mode":"cash","payment_for":"wage"}
[2025-09-20 15:45:23] [User: 33] Payment entry save attempt started | Context: {"user_id":33,"post_data_keys":["projectType","projectName","paymentDate","paymentAmount","paymentDoneVia","paymentMode","recipients","recipientCount"],"files_data_keys":["recipients"]}
[2025-09-20 15:45:23] [User: 33] Processing recipients | Context: {"recipient_count":"1","recipient_keys":[1],"recipients_data":{"1":{"category":"vendor","type":"tile_vendor","customType":"","name":"Test","id":"3","paymentFor":"wage","amount":"100","paymentMode":"split_payment","splitPayments":{"1":{"payment_for":"wage","amount":"50","mode":"cash"},"2":{"payment_for":"wage","amount":"50","mode":"upi"}},"index":"1"}}}
[2025-09-20 15:45:23] [User: 33] Processing split payments for recipient | Context: {"recipient_id":"16","split_data":{"1":{"payment_for":"wage","amount":"50","mode":"cash"},"2":{"payment_for":"wage","amount":"50","mode":"upi"}}}
[2025-09-20 15:45:23] [User: 33] Split payment data extracted | Context: {"split_id":1,"amount":"50","mode":"cash","payment_for":"wage"}
[2025-09-20 15:45:23] [User: 33] Split payment inserted successfully | Context: {"split_payment_id":"7","recipient_id":"16","amount":"50","mode":"cash","payment_for":"wage"}
[2025-09-20 15:45:23] [User: 33] Split payment data extracted | Context: {"split_id":2,"amount":"50","mode":"upi","payment_for":"wage"}
[2025-09-20 15:45:24] [User: 33] Split payment inserted successfully | Context: {"split_payment_id":"8","recipient_id":"16","amount":"50","mode":"upi","payment_for":"wage"}
